Copyright 1986-2020 Xilinx, Inc. All Rights Reserved.
------------------------------------------------------------------------------------
| Tool Version : Vivado v.2020.2 (win64) Build 3064766 Wed Nov 18 09:12:45 MST 2020
| Date         : Tue Oct 18 20:59:19 2022
| Host         : DESKTOP-H7KEEVI running 64-bit major release  (build 9200)
| Command      : report_control_sets -verbose -file lab05_control_sets_placed.rpt
| Design       : lab05
| Device       : xc7a100t
------------------------------------------------------------------------------------

Control Set Information

Table of Contents
-----------------
1. Summary
2. Histogram
3. Flip-Flop Distribution
4. Detailed Control Set Information

1. Summary
----------

+----------------------------------------------------------+-------+
|                          Status                          | Count |
+----------------------------------------------------------+-------+
| Total control sets                                       |    19 |
|    Minimum number of control sets                        |    19 |
|    Addition due to synthesis replication                 |     0 |
|    Addition due to physical synthesis replication        |     0 |
| Unused register locations in slices containing registers |    76 |
+----------------------------------------------------------+-------+
* Control sets can be merged at opt_design using control_set_merge or merge_equivalent_drivers
** Run report_qor_suggestions for automated merging and remapping suggestions


2. Histogram
------------

+--------------------+-------+
|       Fanout       | Count |
+--------------------+-------+
| Total control sets |    19 |
| >= 0 to < 4        |     2 |
| >= 4 to < 6        |    16 |
| >= 6 to < 8        |     0 |
| >= 8 to < 10       |     0 |
| >= 10 to < 12      |     0 |
| >= 12 to < 14      |     0 |
| >= 14 to < 16      |     0 |
| >= 16              |     1 |
+--------------------+-------+
* Control sets can be remapped at either synth_design or opt_design


3. Flip-Flop Distribution
-------------------------

+--------------+-----------------------+------------------------+-----------------+--------------+
| Clock Enable | Synchronous Set/Reset | Asynchronous Set/Reset | Total Registers | Total Slices |
+--------------+-----------------------+------------------------+-----------------+--------------+
| No           | No                    | No                     |               4 |            4 |
| No           | No                    | Yes                    |               0 |            0 |
| No           | Yes                   | No                     |              32 |            8 |
| Yes          | No                    | No                     |               0 |            0 |
| Yes          | No                    | Yes                    |               0 |            0 |
| Yes          | Yes                   | No                     |              64 |           23 |
+--------------+-----------------------+------------------------+-----------------+--------------+


4. Detailed Control Set Information
-----------------------------------

+----------------+--------------------------------+-------------------------------+------------------+----------------+--------------+
|  Clock Signal  |          Enable Signal         |        Set/Reset Signal       | Slice Load Count | Bel Load Count | Bels / Slice |
+----------------+--------------------------------+-------------------------------+------------------+----------------+--------------+
|  clk_IBUF_BUFG |                                |                               |                1 |              1 |         1.00 |
|  my10k_clk/CLK |                                |                               |                3 |              3 |         1.00 |
|  clk_IBUF_BUFG | myreg/REG_Files[11][3]_i_1_n_0 | clr_IBUF                      |                2 |              4 |         2.00 |
|  clk_IBUF_BUFG | myreg/REG_Files                | clr_IBUF                      |                1 |              4 |         4.00 |
|  clk_IBUF_BUFG | myreg/REG_Files[0][3]_i_1_n_0  | clr_IBUF                      |                1 |              4 |         4.00 |
|  clk_IBUF_BUFG | myreg/REG_Files[13][3]_i_1_n_0 | clr_IBUF                      |                1 |              4 |         4.00 |
|  clk_IBUF_BUFG | myreg/REG_Files[4][3]_i_1_n_0  | clr_IBUF                      |                1 |              4 |         4.00 |
|  clk_IBUF_BUFG | myreg/REG_Files[1][3]_i_1_n_0  | clr_IBUF                      |                1 |              4 |         4.00 |
|  clk_IBUF_BUFG | myreg/REG_Files[7][3]_i_1_n_0  | clr_IBUF                      |                2 |              4 |         2.00 |
|  clk_IBUF_BUFG | myreg/REG_Files[8][3]_i_1_n_0  | clr_IBUF                      |                2 |              4 |         2.00 |
|  clk_IBUF_BUFG | myreg/REG_Files[14][3]_i_1_n_0 | clr_IBUF                      |                1 |              4 |         4.00 |
|  clk_IBUF_BUFG | myreg/REG_Files[5][3]_i_1_n_0  | clr_IBUF                      |                1 |              4 |         4.00 |
|  clk_IBUF_BUFG | myreg/REG_Files[9][3]_i_1_n_0  | clr_IBUF                      |                3 |              4 |         1.33 |
|  clk_IBUF_BUFG | myreg/REG_Files[6][3]_i_1_n_0  | clr_IBUF                      |                1 |              4 |         4.00 |
|  clk_IBUF_BUFG | myreg/REG_Files[2][3]_i_1_n_0  | clr_IBUF                      |                1 |              4 |         4.00 |
|  clk_IBUF_BUFG | myreg/REG_Files[3][3]_i_1_n_0  | clr_IBUF                      |                2 |              4 |         2.00 |
|  clk_IBUF_BUFG | myreg/REG_Files[10][3]_i_1_n_0 | clr_IBUF                      |                2 |              4 |         2.00 |
|  clk_IBUF_BUFG | myreg/REG_Files[12][3]_i_1_n_0 | clr_IBUF                      |                1 |              4 |         4.00 |
|  clk_IBUF_BUFG |                                | my10k_clk/clkcount[0]_i_1_n_0 |                8 |             32 |         4.00 |
+----------------+--------------------------------+-------------------------------+------------------+----------------+--------------+


