
*** Running vivado
    with args -log keyboard_b.vds -m64 -product Vivado -mode batch -messageDb vivado.pb -notrace -source keyboard_b.tcl



****** Vivado v2022.1 (64-bit)
  **** SW Build 3526262 on Mon Apr 18 15:48:16 MDT 2022
  **** IP Build 3524634 on Mon Apr 18 20:55:01 MDT 2022
    ** Copyright 1986-2022 Xilinx, Inc. All Rights Reserved.

source keyboard_b.tcl -notrace
create_project: Time (s): cpu = 00:00:09 ; elapsed = 00:00:06 . Memory (MB): peak = 1295.184 ; gain = 9.887
Command: read_checkpoint -auto_incremental -incremental D:/CS/lab/lab07/lab07.srcs/utils_1/imports/synth_1/keyboard_b.dcp
INFO: [Vivado 12-5825] Read reference checkpoint from D:/CS/lab/lab07/lab07.srcs/utils_1/imports/synth_1/keyboard_b.dcp for incremental synthesis
INFO: [Vivado 12-7989] Please ensure there are no constraint changes
Command: synth_design -top keyboard_b -part xc7a100tcsg324-1
Starting synth_design
Attempting to get a license for feature 'Synthesis' and/or device 'xc7a100t'
INFO: [Common 17-349] Got license for feature 'Synthesis' and/or device 'xc7a100t'
INFO: [Device 21-403] Loading part xc7a100tcsg324-1
INFO: [Designutils 20-5440] No compile time benefit to using incremental synthesis; A full resynthesis will be run
INFO: [Designutils 20-4379] Flow is switching to default flow due to incremental criteria not met. If you would like to alter this behaviour and have the flow terminate instead, please set the following parameter config_implementation {autoIncr.Synth.RejectBehavior Terminate}
INFO: [Synth 8-7079] Multithreading enabled for synth_design using a maximum of 2 processes.
INFO: [Synth 8-7078] Launching helper process for spawning children vivado processes
INFO: [Synth 8-7075] Helper process launched with PID 20256
---------------------------------------------------------------------------------
Starting RTL Elaboration : Time (s): cpu = 00:00:10 ; elapsed = 00:00:10 . Memory (MB): peak = 1295.184 ; gain = 0.000
---------------------------------------------------------------------------------
INFO: [Synth 8-6157] synthesizing module 'keyboard_b' [D:/CS/lab/lab07/lab07.srcs/sources_1/new/lab07_kb.v:184]
INFO: [Synth 8-6157] synthesizing module 'scancode_ram' [D:/CS/lab/lab07/lab07.srcs/sources_1/new/lab07_kb.v:262]
INFO: [Synth 8-3876] $readmem data file 'D:/CS/lab/lab07/rami.txt' is read successfully [D:/CS/lab/lab07/lab07.srcs/sources_1/new/lab07_kb.v:271]
INFO: [Synth 8-3876] $readmem data file 'D:/CS/lab/lab07/rami1.txt' is read successfully [D:/CS/lab/lab07/lab07.srcs/sources_1/new/lab07_kb.v:272]
INFO: [Synth 8-6155] done synthesizing module 'scancode_ram' (0#1) [D:/CS/lab/lab07/lab07.srcs/sources_1/new/lab07_kb.v:262]
INFO: [Synth 8-6157] synthesizing module 'ps2_keyboard' [D:/CS/lab/lab07/lab07.srcs/sources_1/new/lab07_kb.v:23]
INFO: [Synth 8-6155] done synthesizing module 'ps2_keyboard' (0#1) [D:/CS/lab/lab07/lab07.srcs/sources_1/new/lab07_kb.v:23]
INFO: [Synth 8-6157] synthesizing module 'clkgen' [D:/CS/lab/lab07/lab07.srcs/sources_1/new/clk_gen.v:4]
	Parameter clk_freq bound to: 5000 - type: integer 
INFO: [Synth 8-6155] done synthesizing module 'clkgen' (0#1) [D:/CS/lab/lab07/lab07.srcs/sources_1/new/clk_gen.v:4]
INFO: [Synth 8-6157] synthesizing module 'sevenseg' [D:/CS/lab/lab07/lab07.srcs/sources_1/new/seg.v:22]
INFO: [Synth 8-226] default block is never used [D:/CS/lab/lab07/lab07.srcs/sources_1/new/seg.v:31]
WARNING: [Synth 8-567] referenced signal 'digits' should be on the sensitivity list [D:/CS/lab/lab07/lab07.srcs/sources_1/new/seg.v:30]
INFO: [Synth 8-6157] synthesizing module 'decode38' [D:/CS/lab/lab07/lab07.srcs/sources_1/new/seg.v:49]
INFO: [Synth 8-226] default block is never used [D:/CS/lab/lab07/lab07.srcs/sources_1/new/seg.v:54]
INFO: [Synth 8-6155] done synthesizing module 'decode38' (0#1) [D:/CS/lab/lab07/lab07.srcs/sources_1/new/seg.v:49]
INFO: [Synth 8-6157] synthesizing module 'bcd7seg' [D:/CS/lab/lab07/lab07.srcs/sources_1/new/seg.v:68]
INFO: [Synth 8-6155] done synthesizing module 'bcd7seg' (0#1) [D:/CS/lab/lab07/lab07.srcs/sources_1/new/seg.v:68]
INFO: [Synth 8-6155] done synthesizing module 'sevenseg' (0#1) [D:/CS/lab/lab07/lab07.srcs/sources_1/new/seg.v:22]
INFO: [Synth 8-6155] done synthesizing module 'keyboard_b' (0#1) [D:/CS/lab/lab07/lab07.srcs/sources_1/new/lab07_kb.v:184]
---------------------------------------------------------------------------------
Finished RTL Elaboration : Time (s): cpu = 00:00:13 ; elapsed = 00:00:13 . Memory (MB): peak = 1295.184 ; gain = 0.000
---------------------------------------------------------------------------------
---------------------------------------------------------------------------------
Start Handling Custom Attributes
---------------------------------------------------------------------------------
---------------------------------------------------------------------------------
Finished Handling Custom Attributes : Time (s): cpu = 00:00:13 ; elapsed = 00:00:13 . Memory (MB): peak = 1295.184 ; gain = 0.000
---------------------------------------------------------------------------------
---------------------------------------------------------------------------------
Finished RTL Optimization Phase 1 : Time (s): cpu = 00:00:13 ; elapsed = 00:00:13 . Memory (MB): peak = 1295.184 ; gain = 0.000
---------------------------------------------------------------------------------
Netlist sorting complete. Time (s): cpu = 00:00:00 ; elapsed = 00:00:00.009 . Memory (MB): peak = 1295.184 ; gain = 0.000
INFO: [Project 1-570] Preparing netlist for logic optimization

Processing XDC Constraints
Initializing timing engine
Parsing XDC File [D:/CS/lab/lab07/nexysa7.xdc]
Finished Parsing XDC File [D:/CS/lab/lab07/nexysa7.xdc]
INFO: [Project 1-236] Implementation specific constraints were found while reading constraint file [D:/CS/lab/lab07/nexysa7.xdc]. These constraints will be ignored for synthesis but will be used in implementation. Impacted constraints are listed in the file [.Xil/keyboard_b_propImpl.xdc].
Resolution: To avoid this warning, move constraints listed in [.Xil/keyboard_b_propImpl.xdc] to another XDC file and exclude this new file from synthesis with the used_in_synthesis property (File Properties dialog in GUI) and re-run elaboration/synthesis.
Completed Processing XDC Constraints

Netlist sorting complete. Time (s): cpu = 00:00:00 ; elapsed = 00:00:00 . Memory (MB): peak = 1345.102 ; gain = 0.000
INFO: [Project 1-111] Unisim Transformation Summary:
No Unisim elements were transformed.

Constraint Validation Runtime : Time (s): cpu = 00:00:00 ; elapsed = 00:00:00.004 . Memory (MB): peak = 1345.102 ; gain = 0.000
INFO: [Designutils 20-5440] No compile time benefit to using incremental synthesis; A full resynthesis will be run
INFO: [Designutils 20-4379] Flow is switching to default flow due to incremental criteria not met. If you would like to alter this behaviour and have the flow terminate instead, please set the following parameter config_implementation {autoIncr.Synth.RejectBehavior Terminate}
---------------------------------------------------------------------------------
Finished Constraint Validation : Time (s): cpu = 00:00:24 ; elapsed = 00:00:25 . Memory (MB): peak = 1345.102 ; gain = 49.918
---------------------------------------------------------------------------------
---------------------------------------------------------------------------------
Start Loading Part and Timing Information
---------------------------------------------------------------------------------
Loading part: xc7a100tcsg324-1
---------------------------------------------------------------------------------
Finished Loading Part and Timing Information : Time (s): cpu = 00:00:24 ; elapsed = 00:00:25 . Memory (MB): peak = 1345.102 ; gain = 49.918
---------------------------------------------------------------------------------
---------------------------------------------------------------------------------
Start Applying 'set_property' XDC Constraints
---------------------------------------------------------------------------------
---------------------------------------------------------------------------------
Finished applying 'set_property' XDC Constraints : Time (s): cpu = 00:00:24 ; elapsed = 00:00:25 . Memory (MB): peak = 1345.102 ; gain = 49.918
---------------------------------------------------------------------------------
---------------------------------------------------------------------------------
Finished RTL Optimization Phase 2 : Time (s): cpu = 00:00:25 ; elapsed = 00:00:26 . Memory (MB): peak = 1345.102 ; gain = 49.918
---------------------------------------------------------------------------------
---------------------------------------------------------------------------------
Start RTL Component Statistics 
---------------------------------------------------------------------------------
Detailed RTL Component Info : 
+---Adders : 
	   2 Input    8 Bit       Adders := 1     
	   2 Input    4 Bit       Adders := 1     
	   2 Input    3 Bit       Adders := 4     
+---XORs : 
	   2 Input      1 Bit         XORs := 1     
+---XORs : 
	                9 Bit    Wide XORs := 1     
+---Registers : 
	               10 Bit    Registers := 1     
	                8 Bit    Registers := 3     
	                4 Bit    Registers := 1     
	                3 Bit    Registers := 3     
	                1 Bit    Registers := 7     
+---RAMs : 
	               64 Bit	(8 X 8 bit)          RAMs := 1     
+---Muxes : 
	   2 Input   10 Bit        Muxes := 3     
	 257 Input    8 Bit        Muxes := 2     
	   2 Input    8 Bit        Muxes := 18    
	   8 Input    8 Bit        Muxes := 2     
	   3 Input    8 Bit        Muxes := 2     
	   2 Input    4 Bit        Muxes := 1     
	   2 Input    1 Bit        Muxes := 21    
	   3 Input    1 Bit        Muxes := 2     
	   4 Input    1 Bit        Muxes := 2     
---------------------------------------------------------------------------------
Finished RTL Component Statistics 
---------------------------------------------------------------------------------
---------------------------------------------------------------------------------
Start Part Resource Summary
---------------------------------------------------------------------------------
Part Resources:
DSPs: 240 (col length:80)
BRAMs: 270 (col length: RAMB18 80 RAMB36 40)
---------------------------------------------------------------------------------
Finished Part Resource Summary
---------------------------------------------------------------------------------
---------------------------------------------------------------------------------
Start Cross Boundary and Area Optimization
---------------------------------------------------------------------------------
WARNING: [Synth 8-7080] Parallel synthesis criteria is not met
WARNING: [Synth 8-3917] design keyboard_b has port HEX[7] driven by constant 1
---------------------------------------------------------------------------------
Finished Cross Boundary and Area Optimization : Time (s): cpu = 00:00:32 ; elapsed = 00:00:33 . Memory (MB): peak = 1345.102 ; gain = 49.918
---------------------------------------------------------------------------------
---------------------------------------------------------------------------------
Start ROM, RAM, DSP, Shift Register and Retiming Reporting
---------------------------------------------------------------------------------

Distributed RAM: Preliminary Mapping Report (see note below)
+------------+----------------+-----------+----------------------+-------------+
|Module Name | RTL Object     | Inference | Size (Depth x Width) | Primitives  | 
+------------+----------------+-----------+----------------------+-------------+
|keyboard_b  | mykey/fifo_reg | Implied   | 8 x 8                | RAM32M x 2  | 
+------------+----------------+-----------+----------------------+-------------+

Note: The table above is a preliminary report that shows the Distributed RAMs at the current stage of the synthesis flow. Some Distributed RAMs may be reimplemented as non Distributed RAM primitives later in the synthesis flow. Multiple instantiated RAMs are reported only once.
---------------------------------------------------------------------------------
Finished ROM, RAM, DSP, Shift Register and Retiming Reporting
---------------------------------------------------------------------------------
---------------------------------------------------------------------------------
Start Applying XDC Timing Constraints
---------------------------------------------------------------------------------
---------------------------------------------------------------------------------
Finished Applying XDC Timing Constraints : Time (s): cpu = 00:00:41 ; elapsed = 00:00:42 . Memory (MB): peak = 1345.102 ; gain = 49.918
---------------------------------------------------------------------------------
---------------------------------------------------------------------------------
Start Timing Optimization
---------------------------------------------------------------------------------
---------------------------------------------------------------------------------
Finished Timing Optimization : Time (s): cpu = 00:00:41 ; elapsed = 00:00:42 . Memory (MB): peak = 1345.102 ; gain = 49.918
---------------------------------------------------------------------------------
---------------------------------------------------------------------------------
Start ROM, RAM, DSP, Shift Register and Retiming Reporting
---------------------------------------------------------------------------------

Distributed RAM: Final Mapping Report
+------------+----------------+-----------+----------------------+-------------+
|Module Name | RTL Object     | Inference | Size (Depth x Width) | Primitives  | 
+------------+----------------+-----------+----------------------+-------------+
|keyboard_b  | mykey/fifo_reg | Implied   | 8 x 8                | RAM32M x 2  | 
+------------+----------------+-----------+----------------------+-------------+

---------------------------------------------------------------------------------
Finished ROM, RAM, DSP, Shift Register and Retiming Reporting
---------------------------------------------------------------------------------
---------------------------------------------------------------------------------
Start Technology Mapping
---------------------------------------------------------------------------------
---------------------------------------------------------------------------------
Finished Technology Mapping : Time (s): cpu = 00:00:41 ; elapsed = 00:00:42 . Memory (MB): peak = 1345.102 ; gain = 49.918
---------------------------------------------------------------------------------
---------------------------------------------------------------------------------
Start IO Insertion
---------------------------------------------------------------------------------
---------------------------------------------------------------------------------
Start Flattening Before IO Insertion
---------------------------------------------------------------------------------
---------------------------------------------------------------------------------
Finished Flattening Before IO Insertion
---------------------------------------------------------------------------------
---------------------------------------------------------------------------------
Start Final Netlist Cleanup
---------------------------------------------------------------------------------
---------------------------------------------------------------------------------
Finished Final Netlist Cleanup
---------------------------------------------------------------------------------
---------------------------------------------------------------------------------
Finished IO Insertion : Time (s): cpu = 00:00:48 ; elapsed = 00:00:49 . Memory (MB): peak = 1345.102 ; gain = 49.918
---------------------------------------------------------------------------------
---------------------------------------------------------------------------------
Start Renaming Generated Instances
---------------------------------------------------------------------------------
---------------------------------------------------------------------------------
Finished Renaming Generated Instances : Time (s): cpu = 00:00:48 ; elapsed = 00:00:49 . Memory (MB): peak = 1345.102 ; gain = 49.918
---------------------------------------------------------------------------------
---------------------------------------------------------------------------------
Start Rebuilding User Hierarchy
---------------------------------------------------------------------------------
---------------------------------------------------------------------------------
Finished Rebuilding User Hierarchy : Time (s): cpu = 00:00:48 ; elapsed = 00:00:49 . Memory (MB): peak = 1345.102 ; gain = 49.918
---------------------------------------------------------------------------------
---------------------------------------------------------------------------------
Start Renaming Generated Ports
---------------------------------------------------------------------------------
---------------------------------------------------------------------------------
Finished Renaming Generated Ports : Time (s): cpu = 00:00:48 ; elapsed = 00:00:49 . Memory (MB): peak = 1345.102 ; gain = 49.918
---------------------------------------------------------------------------------
---------------------------------------------------------------------------------
Start Handling Custom Attributes
---------------------------------------------------------------------------------
---------------------------------------------------------------------------------
Finished Handling Custom Attributes : Time (s): cpu = 00:00:48 ; elapsed = 00:00:49 . Memory (MB): peak = 1345.102 ; gain = 49.918
---------------------------------------------------------------------------------
---------------------------------------------------------------------------------
Start Renaming Generated Nets
---------------------------------------------------------------------------------
---------------------------------------------------------------------------------
Finished Renaming Generated Nets : Time (s): cpu = 00:00:48 ; elapsed = 00:00:49 . Memory (MB): peak = 1345.102 ; gain = 49.918
---------------------------------------------------------------------------------
---------------------------------------------------------------------------------
Start Writing Synthesis Report
---------------------------------------------------------------------------------

Report BlackBoxes: 
+-+--------------+----------+
| |BlackBox name |Instances |
+-+--------------+----------+
+-+--------------+----------+

Report Cell Usage: 
+------+---------+------+
|      |Cell     |Count |
+------+---------+------+
|1     |BUFG     |     1|
|2     |CARRY4   |     8|
|3     |LUT1     |     4|
|4     |LUT2     |    21|
|5     |LUT3     |     9|
|6     |LUT4     |    60|
|7     |LUT5     |    29|
|8     |LUT6     |    88|
|9     |MUXF7    |     7|
|10    |RAM32M   |     1|
|11    |RAM32X1D |     2|
|12    |FDRE     |    91|
|13    |IBUF     |     4|
|14    |OBUF     |    26|
+------+---------+------+
---------------------------------------------------------------------------------
Finished Writing Synthesis Report : Time (s): cpu = 00:00:48 ; elapsed = 00:00:49 . Memory (MB): peak = 1345.102 ; gain = 49.918
---------------------------------------------------------------------------------
Synthesis finished with 0 errors, 0 critical warnings and 2 warnings.
Synthesis Optimization Runtime : Time (s): cpu = 00:00:32 ; elapsed = 00:00:46 . Memory (MB): peak = 1345.102 ; gain = 0.000
Synthesis Optimization Complete : Time (s): cpu = 00:00:48 ; elapsed = 00:00:49 . Memory (MB): peak = 1345.102 ; gain = 49.918
INFO: [Project 1-571] Translating synthesized netlist
Netlist sorting complete. Time (s): cpu = 00:00:00 ; elapsed = 00:00:00.007 . Memory (MB): peak = 1345.102 ; gain = 0.000
INFO: [Netlist 29-17] Analyzing 18 Unisim elements for replacement
INFO: [Netlist 29-28] Unisim Transformation completed in 0 CPU seconds
INFO: [Project 1-570] Preparing netlist for logic optimization
INFO: [Opt 31-138] Pushed 0 inverter(s) to 0 load pin(s).
Netlist sorting complete. Time (s): cpu = 00:00:00 ; elapsed = 00:00:00.001 . Memory (MB): peak = 1345.102 ; gain = 0.000
INFO: [Project 1-111] Unisim Transformation Summary:
  A total of 3 instances were transformed.
  RAM32M => RAM32M (RAMD32(x6), RAMS32(x2)): 1 instance 
  RAM32X1D => RAM32X1D (RAMD32(x2)): 2 instances

Synth Design complete, checksum: a04b3770
INFO: [Common 17-83] Releasing license: Synthesis
39 Infos, 3 Warnings, 0 Critical Warnings and 0 Errors encountered.
synth_design completed successfully
synth_design: Time (s): cpu = 00:00:55 ; elapsed = 00:00:58 . Memory (MB): peak = 1345.102 ; gain = 49.918
INFO: [Common 17-1381] The checkpoint 'D:/CS/lab/lab07/lab07.runs/synth_1/keyboard_b.dcp' has been generated.
INFO: [runtcl-4] Executing : report_utilization -file keyboard_b_utilization_synth.rpt -pb keyboard_b_utilization_synth.pb
INFO: [Common 17-206] Exiting Vivado at Fri Nov 11 11:18:14 2022...
