Copyright 1986-2022 Xilinx, Inc. All Rights Reserved.
------------------------------------------------------------------------------------------------------------------------------------------------------------------------------------------------------------
| Tool Version : Vivado v.2022.1 (win64) Build 3526262 Mon Apr 18 15:48:16 MDT 2022
| Date         : Wed Mar  8 19:24:39 2023
| Host         : LAPTOP-F8OKT164 running 64-bit major release  (build 9200)
| Command      : report_timing_summary -max_paths 10 -report_unconstrained -file lab01_timing_summary_routed.rpt -pb lab01_timing_summary_routed.pb -rpx lab01_timing_summary_routed.rpx -warn_on_violation
| Design       : lab01
| Device       : 7a100t-csg324
| Speed File   : -1  PRODUCTION 1.23 2018-06-13
------------------------------------------------------------------------------------------------------------------------------------------------------------------------------------------------------------

Timing Summary Report

------------------------------------------------------------------------------------------------
| Timer Settings
| --------------
------------------------------------------------------------------------------------------------

  Enable Multi Corner Analysis               :  Yes
  Enable Pessimism Removal                   :  Yes
  Pessimism Removal Resolution               :  Nearest Common Node
  Enable Input Delay Default Clock           :  No
  Enable Preset / Clear Arcs                 :  No
  Disable Flight Delays                      :  No
  Ignore I/O Paths                           :  No
  Timing Early Launch at Borrowing Latches   :  No
  Borrow Time for Max Delay Exceptions       :  Yes
  Merge Timing Exceptions                    :  Yes

  Corner  Analyze    Analyze    
  Name    Max Paths  Min Paths  
  ------  ---------  ---------  
  Slow    Yes        Yes        
  Fast    Yes        Yes        


------------------------------------------------------------------------------------------------
| Report Methodology
| ------------------
------------------------------------------------------------------------------------------------

Rule  Severity  Description  Violations  
----  --------  -----------  ----------  

Note: This report is based on the most recent report_methodology run and may not be up-to-date. Run report_methodology on the current design for the latest report.



check_timing report

Table of Contents
-----------------
1. checking no_clock (0)
2. checking constant_clock (0)
3. checking pulse_width_clock (0)
4. checking unconstrained_internal_endpoints (0)
5. checking no_input_delay (0)
6. checking no_output_delay (0)
7. checking multiple_clock (0)
8. checking generated_clocks (0)
9. checking loops (0)
10. checking partial_input_delay (0)
11. checking partial_output_delay (0)
12. checking latch_loops (0)

1. checking no_clock (0)
------------------------
 There are 0 register/latch pins with no clock.


2. checking constant_clock (0)
------------------------------
 There are 0 register/latch pins with constant_clock.


3. checking pulse_width_clock (0)
---------------------------------
 There are 0 register/latch pins which need pulse_width check


4. checking unconstrained_internal_endpoints (0)
------------------------------------------------
 There are 0 pins that are not constrained for maximum delay.

 There are 0 pins that are not constrained for maximum delay due to constant clock.


5. checking no_input_delay (0)
------------------------------
 There are 0 input ports with no input delay specified.

 There are 0 input ports with no input delay but user has a false path constraint.


6. checking no_output_delay (0)
-------------------------------
 There are 0 ports with no output delay specified.

 There are 0 ports with no output delay but user has a false path constraint

 There are 0 ports with no output delay but with a timing clock defined on it or propagating through it


7. checking multiple_clock (0)
------------------------------
 There are 0 register/latch pins with multiple clocks.


8. checking generated_clocks (0)
--------------------------------
 There are 0 generated clocks that are not connected to a clock source.


9. checking loops (0)
---------------------
 There are 0 combinational loops in the design.


10. checking partial_input_delay (0)
------------------------------------
 There are 0 input ports with partial input delay specified.


11. checking partial_output_delay (0)
-------------------------------------
 There are 0 ports with partial output delay specified.


12. checking latch_loops (0)
----------------------------
 There are 0 combinational latch loops in the design through latch input



------------------------------------------------------------------------------------------------
| Design Timing Summary
| ---------------------
------------------------------------------------------------------------------------------------

    WNS(ns)      TNS(ns)  TNS Failing Endpoints  TNS Total Endpoints      WHS(ns)      THS(ns)  THS Failing Endpoints  THS Total Endpoints     WPWS(ns)     TPWS(ns)  TPWS Failing Endpoints  TPWS Total Endpoints  
    -------      -------  ---------------------  -------------------      -------      -------  ---------------------  -------------------     --------     --------  ----------------------  --------------------  
        inf        0.000                      0                    2          inf        0.000                      0                    2           NA           NA                      NA                    NA  


There are no user specified timing constraints.


------------------------------------------------------------------------------------------------
| Clock Summary
| -------------
------------------------------------------------------------------------------------------------


------------------------------------------------------------------------------------------------
| Intra Clock Table
| -----------------
------------------------------------------------------------------------------------------------

Clock             WNS(ns)      TNS(ns)  TNS Failing Endpoints  TNS Total Endpoints      WHS(ns)      THS(ns)  THS Failing Endpoints  THS Total Endpoints     WPWS(ns)     TPWS(ns)  TPWS Failing Endpoints  TPWS Total Endpoints  
-----             -------      -------  ---------------------  -------------------      -------      -------  ---------------------  -------------------     --------     --------  ----------------------  --------------------  


------------------------------------------------------------------------------------------------
| Inter Clock Table
| -----------------
------------------------------------------------------------------------------------------------

From Clock    To Clock          WNS(ns)      TNS(ns)  TNS Failing Endpoints  TNS Total Endpoints      WHS(ns)      THS(ns)  THS Failing Endpoints  THS Total Endpoints  
----------    --------          -------      -------  ---------------------  -------------------      -------      -------  ---------------------  -------------------  


------------------------------------------------------------------------------------------------
| Other Path Groups Table
| -----------------------
------------------------------------------------------------------------------------------------

Path Group    From Clock    To Clock          WNS(ns)      TNS(ns)  TNS Failing Endpoints  TNS Total Endpoints      WHS(ns)      THS(ns)  THS Failing Endpoints  THS Total Endpoints  
----------    ----------    --------          -------      -------  ---------------------  -------------------      -------      -------  ---------------------  -------------------  


------------------------------------------------------------------------------------------------
| User Ignored Path Table
| -----------------------
------------------------------------------------------------------------------------------------

Path Group    From Clock    To Clock    
----------    ----------    --------    


------------------------------------------------------------------------------------------------
| Unconstrained Path Table
| ------------------------
------------------------------------------------------------------------------------------------

Path Group    From Clock    To Clock    
----------    ----------    --------    
(none)                                    


------------------------------------------------------------------------------------------------
| Timing Details
| --------------
------------------------------------------------------------------------------------------------


--------------------------------------------------------------------------------------
Path Group:  (none)
From Clock:  
  To Clock:  

Max Delay             2 Endpoints
Min Delay             2 Endpoints
--------------------------------------------------------------------------------------


Max Delay Paths
--------------------------------------------------------------------------------------
Slack:                    inf
  Source:                 Y[0]
                            (input port)
  Destination:            F[0]
                            (output port)
  Path Group:             (none)
  Path Type:              Max at Slow Process Corner
  Data Path Delay:        11.950ns  (logic 4.626ns (38.715%)  route 7.324ns (61.285%))
  Logic Levels:           3  (IBUF=1 LUT6=1 OBUF=1)

    Location             Delay type                Incr(ns)  Path(ns)    Netlist Resource(s)
  -------------------------------------------------------------------    -------------------
    T8                                                0.000     0.000 r  Y[0] (IN)
                         net (fo=0)                   0.000     0.000    Y[0]
    T8                   IBUF (Prop_ibuf_I_O)         0.982     0.982 r  Y_IBUF[0]_inst/O
                         net (fo=2, routed)           4.902     5.884    Y_IBUF[0]
    SLICE_X0Y85          LUT6 (Prop_lut6_I4_O)        0.124     6.008 r  F_OBUF[0]_inst_i_1/O
                         net (fo=1, routed)           2.422     8.430    F_OBUF[0]
    H17                  OBUF (Prop_obuf_I_O)         3.520    11.950 r  F_OBUF[0]_inst/O
                         net (fo=0)                   0.000    11.950    F[0]
    H17                                                               r  F[0] (OUT)
  -------------------------------------------------------------------    -------------------

Slack:                    inf
  Source:                 Y[0]
                            (input port)
  Destination:            F[1]
                            (output port)
  Path Group:             (none)
  Path Type:              Max at Slow Process Corner
  Data Path Delay:        11.503ns  (logic 4.641ns (40.350%)  route 6.861ns (59.650%))
  Logic Levels:           3  (IBUF=1 LUT6=1 OBUF=1)

    Location             Delay type                Incr(ns)  Path(ns)    Netlist Resource(s)
  -------------------------------------------------------------------    -------------------
    T8                                                0.000     0.000 r  Y[0] (IN)
                         net (fo=0)                   0.000     0.000    Y[0]
    T8                   IBUF (Prop_ibuf_I_O)         0.982     0.982 r  Y_IBUF[0]_inst/O
                         net (fo=2, routed)           4.744     5.726    Y_IBUF[0]
    SLICE_X0Y85          LUT6 (Prop_lut6_I4_O)        0.124     5.850 r  F_OBUF[1]_inst_i_1/O
                         net (fo=1, routed)           2.117     7.967    F_OBUF[1]
    K15                  OBUF (Prop_obuf_I_O)         3.535    11.503 r  F_OBUF[1]_inst/O
                         net (fo=0)                   0.000    11.503    F[1]
    K15                                                               r  F[1] (OUT)
  -------------------------------------------------------------------    -------------------





Min Delay Paths
--------------------------------------------------------------------------------------
Slack:                    inf
  Source:                 X2[1]
                            (input port)
  Destination:            F[1]
                            (output port)
  Path Group:             (none)
  Path Type:              Min at Fast Process Corner
  Data Path Delay:        2.400ns  (logic 1.546ns (64.419%)  route 0.854ns (35.581%))
  Logic Levels:           3  (IBUF=1 LUT6=1 OBUF=1)

    Location             Delay type                Incr(ns)  Path(ns)    Netlist Resource(s)
  -------------------------------------------------------------------    -------------------
    T18                                               0.000     0.000 r  X2[1] (IN)
                         net (fo=0)                   0.000     0.000    X2[1]
    T18                  IBUF (Prop_ibuf_I_O)         0.265     0.265 r  X2_IBUF[1]_inst/O
                         net (fo=1, routed)           0.336     0.601    X2_IBUF[1]
    SLICE_X0Y85          LUT6 (Prop_lut6_I5_O)        0.045     0.646 r  F_OBUF[1]_inst_i_1/O
                         net (fo=1, routed)           0.518     1.164    F_OBUF[1]
    K15                  OBUF (Prop_obuf_I_O)         1.236     2.400 r  F_OBUF[1]_inst/O
                         net (fo=0)                   0.000     2.400    F[1]
    K15                                                               r  F[1] (OUT)
  -------------------------------------------------------------------    -------------------

Slack:                    inf
  Source:                 X1[0]
                            (input port)
  Destination:            F[0]
                            (output port)
  Path Group:             (none)
  Path Type:              Min at Fast Process Corner
  Data Path Delay:        2.519ns  (logic 1.519ns (60.312%)  route 1.000ns (39.688%))
  Logic Levels:           3  (IBUF=1 LUT6=1 OBUF=1)

    Location             Delay type                Incr(ns)  Path(ns)    Netlist Resource(s)
  -------------------------------------------------------------------    -------------------
    M13                                               0.000     0.000 r  X1[0] (IN)
                         net (fo=0)                   0.000     0.000    X1[0]
    M13                  IBUF (Prop_ibuf_I_O)         0.253     0.253 r  X1_IBUF[0]_inst/O
                         net (fo=1, routed)           0.370     0.623    X1_IBUF[0]
    SLICE_X0Y85          LUT6 (Prop_lut6_I0_O)        0.045     0.668 r  F_OBUF[0]_inst_i_1/O
                         net (fo=1, routed)           0.630     1.298    F_OBUF[0]
    H17                  OBUF (Prop_obuf_I_O)         1.221     2.519 r  F_OBUF[0]_inst/O
                         net (fo=0)                   0.000     2.519    F[0]
    H17                                                               r  F[0] (OUT)
  -------------------------------------------------------------------    -------------------





