#-----------------------------------------------------------
# Vivado v2020.2 (64-bit)
# SW Build 3064766 on Wed Nov 18 09:12:45 MST 2020
# IP Build 3064653 on Wed Nov 18 14:17:31 MST 2020
# Start of session at: Wed Feb 22 22:18:53 2023
# Process ID: 16884
# Current directory: C:/Users/DELL/Desktop/final_lab12
# Command line: vivado.exe -gui_launcher_event rodinguilauncherevent5272 C:\Users\DELL\Desktop\final_lab12\lab09_ver2.xpr
# Log file: C:/Users/DELL/Desktop/final_lab12/vivado.log
# Journal file: C:/Users/DELL/Desktop/final_lab12\vivado.jou
#-----------------------------------------------------------
start_gui
open_project C:/Users/DELL/Desktop/final_lab12/lab09_ver2.xpr
INFO: [Project 1-313] Project file moved from 'C:/Users/DELL/Desktop/file_lab12/final_lab12' since last save.
Scanning sources...
Finished scanning sources
INFO: [IP_Flow 19-234] Refreshing IP repositories
INFO: [IP_Flow 19-1704] No user IP repositories specified
INFO: [IP_Flow 19-2313] Loaded Vivado IP repository 'H:/For_Vivado/Vivado/2020.2/data/ip'.
open_project: Time (s): cpu = 00:00:22 ; elapsed = 00:00:10 . Memory (MB): peak = 1091.512 ; gain = 0.000
update_compile_order -fileset sources_1
reset_run synth_1
launch_runs impl_1 -to_step write_bitstream -jobs 6
[Wed Feb 22 22:32:05 2023] Launched synth_1...
Run output will be captured here: C:/Users/DELL/Desktop/final_lab12/lab09_ver2.runs/synth_1/runme.log
[Wed Feb 22 22:32:05 2023] Launched impl_1...
Run output will be captured here: C:/Users/DELL/Desktop/final_lab12/lab09_ver2.runs/impl_1/runme.log
reset_run synth_1
launch_runs impl_1 -to_step write_bitstream -jobs 6
[Wed Feb 22 22:32:57 2023] Launched synth_1...
Run output will be captured here: C:/Users/DELL/Desktop/final_lab12/lab09_ver2.runs/synth_1/runme.log
[Wed Feb 22 22:32:57 2023] Launched impl_1...
Run output will be captured here: C:/Users/DELL/Desktop/final_lab12/lab09_ver2.runs/impl_1/runme.log
open_hw_manager
connect_hw_server -allow_non_jtag
INFO: [Labtools 27-2285] Connecting to hw_server url TCP:localhost:3121
INFO: [Labtools 27-2222] Launching hw_server...
INFO: [Labtools 27-2221] Launch Output:

****** Xilinx hw_server v2020.2
  **** Build date : Nov 18 2020 at 10:01:48
    ** Copyright 1986-2020 Xilinx, Inc. All Rights Reserved.


INFO: [Labtools 27-3415] Connecting to cs_server url TCP:localhost:3042
INFO: [Labtools 27-3417] Launching cs_server...
INFO: [Labtools 27-2221] Launch Output:


******** Xilinx cs_server v2020.2
  ****** Build date   : Nov 04 2020-05:02:56
    **** Build number : 2020.2.1604437376
      ** Copyright 2017-2020 Xilinx, Inc. All Rights Reserved.



connect_hw_server: Time (s): cpu = 00:00:01 ; elapsed = 00:00:15 . Memory (MB): peak = 1091.512 ; gain = 0.000
open_hw_target
INFO: [Labtoolstcl 44-466] Opening hw_target localhost:3121/xilinx_tcf/Digilent/210292B61CCAA
open_hw_target: Time (s): cpu = 00:00:05 ; elapsed = 00:00:05 . Memory (MB): peak = 2616.742 ; gain = 1525.230
set_property PROGRAM.FILE {C:/Users/DELL/Desktop/final_lab12/lab09_ver2.runs/impl_1/lab09.bit} [get_hw_devices xc7a100t_0]
current_hw_device [get_hw_devices xc7a100t_0]
refresh_hw_device -update_hw_probes false [lindex [get_hw_devices xc7a100t_0] 0]
INFO: [Labtools 27-1434] Device xc7a100t (JTAG device index = 0) is programmed with a design that has no supported debug core(s) in it.
set_property PROBES.FILE {} [get_hw_devices xc7a100t_0]
set_property FULL_PROBES.FILE {} [get_hw_devices xc7a100t_0]
set_property PROGRAM.FILE {C:/Users/DELL/Desktop/final_lab12/lab09_ver2.runs/impl_1/lab09.bit} [get_hw_devices xc7a100t_0]
program_hw_devices [get_hw_devices xc7a100t_0]
INFO: [Labtools 27-3164] End of startup status: HIGH
refresh_hw_device [lindex [get_hw_devices xc7a100t_0] 0]
INFO: [Labtools 27-1434] Device xc7a100t (JTAG device index = 0) is programmed with a design that has no supported debug core(s) in it.
set_property PROBES.FILE {} [get_hw_devices xc7a100t_0]
set_property FULL_PROBES.FILE {} [get_hw_devices xc7a100t_0]
set_property PROGRAM.FILE {C:/Users/DELL/Desktop/final_lab12/lab09_ver2.runs/impl_1/lab09.bit} [get_hw_devices xc7a100t_0]
program_hw_devices [get_hw_devices xc7a100t_0]
INFO: [Labtools 27-3164] End of startup status: HIGH
refresh_hw_device [lindex [get_hw_devices xc7a100t_0] 0]
INFO: [Labtools 27-1434] Device xc7a100t (JTAG device index = 0) is programmed with a design that has no supported debug core(s) in it.
reset_run synth_1
launch_runs impl_1 -to_step write_bitstream -jobs 6
[Wed Feb 22 22:41:35 2023] Launched synth_1...
Run output will be captured here: C:/Users/DELL/Desktop/final_lab12/lab09_ver2.runs/synth_1/runme.log
[Wed Feb 22 22:41:35 2023] Launched impl_1...
Run output will be captured here: C:/Users/DELL/Desktop/final_lab12/lab09_ver2.runs/impl_1/runme.log
set_property PROBES.FILE {} [get_hw_devices xc7a100t_0]
set_property FULL_PROBES.FILE {} [get_hw_devices xc7a100t_0]
set_property PROGRAM.FILE {C:/Users/DELL/Desktop/final_lab12/lab09_ver2.runs/impl_1/lab09.bit} [get_hw_devices xc7a100t_0]
program_hw_devices [get_hw_devices xc7a100t_0]
INFO: [Labtools 27-3164] End of startup status: HIGH
refresh_hw_device [lindex [get_hw_devices xc7a100t_0] 0]
INFO: [Labtools 27-1434] Device xc7a100t (JTAG device index = 0) is programmed with a design that has no supported debug core(s) in it.
ERROR: [Labtoolstcl 44-513] HW Target shutdown. Closing target: localhost:3121/xilinx_tcf/Digilent/210292B61CCAA
INFO: [Labtoolstcl 44-466] Opening hw_target localhost:3121/xilinx_tcf/Digilent/210292B61CCAA
INFO: [Labtools 27-1435] Device xc7a100t (JTAG device index = 0) is not programmed (DONE status = 0).
WARNING: [Labtoolstcl 44-129] No matching hw_ila_data was found.
set_property PROBES.FILE {} [get_hw_devices xc7a100t_0]
set_property FULL_PROBES.FILE {} [get_hw_devices xc7a100t_0]
set_property PROGRAM.FILE {C:/Users/DELL/Desktop/final_lab12/lab09_ver2.runs/impl_1/lab09.bit} [get_hw_devices xc7a100t_0]
program_hw_devices [get_hw_devices xc7a100t_0]
INFO: [Labtools 27-3164] End of startup status: HIGH
refresh_hw_device [lindex [get_hw_devices xc7a100t_0] 0]
INFO: [Labtools 27-1434] Device xc7a100t (JTAG device index = 0) is programmed with a design that has no supported debug core(s) in it.
reset_run synth_1
launch_runs impl_1 -to_step write_bitstream -jobs 6
[Wed Feb 22 22:50:05 2023] Launched synth_1...
Run output will be captured here: C:/Users/DELL/Desktop/final_lab12/lab09_ver2.runs/synth_1/runme.log
[Wed Feb 22 22:50:05 2023] Launched impl_1...
Run output will be captured here: C:/Users/DELL/Desktop/final_lab12/lab09_ver2.runs/impl_1/runme.log
set_property PROBES.FILE {} [get_hw_devices xc7a100t_0]
set_property FULL_PROBES.FILE {} [get_hw_devices xc7a100t_0]
set_property PROGRAM.FILE {C:/Users/DELL/Desktop/final_lab12/lab09_ver2.runs/impl_1/lab09.bit} [get_hw_devices xc7a100t_0]
program_hw_devices [get_hw_devices xc7a100t_0]
INFO: [Labtools 27-3164] End of startup status: HIGH
refresh_hw_device [lindex [get_hw_devices xc7a100t_0] 0]
INFO: [Labtools 27-1434] Device xc7a100t (JTAG device index = 0) is programmed with a design that has no supported debug core(s) in it.
reset_run synth_1
launch_runs impl_1 -to_step write_bitstream -jobs 6
[Wed Feb 22 23:06:22 2023] Launched synth_1...
Run output will be captured here: C:/Users/DELL/Desktop/final_lab12/lab09_ver2.runs/synth_1/runme.log
[Wed Feb 22 23:06:22 2023] Launched impl_1...
Run output will be captured here: C:/Users/DELL/Desktop/final_lab12/lab09_ver2.runs/impl_1/runme.log
set_property PROBES.FILE {} [get_hw_devices xc7a100t_0]
set_property FULL_PROBES.FILE {} [get_hw_devices xc7a100t_0]
set_property PROGRAM.FILE {C:/Users/DELL/Desktop/final_lab12/lab09_ver2.runs/impl_1/lab09.bit} [get_hw_devices xc7a100t_0]
program_hw_devices [get_hw_devices xc7a100t_0]
INFO: [Labtools 27-3164] End of startup status: HIGH
refresh_hw_device [lindex [get_hw_devices xc7a100t_0] 0]
INFO: [Labtools 27-1434] Device xc7a100t (JTAG device index = 0) is programmed with a design that has no supported debug core(s) in it.
ERROR: [Labtoolstcl 44-513] HW Target shutdown. Closing target: localhost:3121/xilinx_tcf/Digilent/210292B61CCAA
INFO: [Labtoolstcl 44-466] Opening hw_target localhost:3121/xilinx_tcf/Digilent/210292B61CCAA
INFO: [Labtools 27-1434] Device xc7a100t (JTAG device index = 0) is programmed with a design that has no supported debug core(s) in it.
WARNING: [Labtoolstcl 44-129] No matching hw_ila_data was found.
reset_run synth_1
launch_runs impl_1 -to_step write_bitstream -jobs 6
[Wed Feb 22 23:14:40 2023] Launched synth_1...
Run output will be captured here: C:/Users/DELL/Desktop/final_lab12/lab09_ver2.runs/synth_1/runme.log
[Wed Feb 22 23:14:40 2023] Launched impl_1...
Run output will be captured here: C:/Users/DELL/Desktop/final_lab12/lab09_ver2.runs/impl_1/runme.log
set_property PROBES.FILE {} [get_hw_devices xc7a100t_0]
set_property FULL_PROBES.FILE {} [get_hw_devices xc7a100t_0]
set_property PROGRAM.FILE {C:/Users/DELL/Desktop/final_lab12/lab09_ver2.runs/impl_1/lab09.bit} [get_hw_devices xc7a100t_0]
program_hw_devices [get_hw_devices xc7a100t_0]
INFO: [Labtools 27-3164] End of startup status: HIGH
refresh_hw_device [lindex [get_hw_devices xc7a100t_0] 0]
INFO: [Labtools 27-1434] Device xc7a100t (JTAG device index = 0) is programmed with a design that has no supported debug core(s) in it.
reset_run synth_1
launch_runs impl_1 -to_step write_bitstream -jobs 6
[Wed Feb 22 23:23:11 2023] Launched synth_1...
Run output will be captured here: C:/Users/DELL/Desktop/final_lab12/lab09_ver2.runs/synth_1/runme.log
[Wed Feb 22 23:23:11 2023] Launched impl_1...
Run output will be captured here: C:/Users/DELL/Desktop/final_lab12/lab09_ver2.runs/impl_1/runme.log
set_property PROBES.FILE {} [get_hw_devices xc7a100t_0]
set_property FULL_PROBES.FILE {} [get_hw_devices xc7a100t_0]
set_property PROGRAM.FILE {C:/Users/DELL/Desktop/final_lab12/lab09_ver2.runs/impl_1/lab09.bit} [get_hw_devices xc7a100t_0]
program_hw_devices [get_hw_devices xc7a100t_0]
INFO: [Labtools 27-3164] End of startup status: HIGH
refresh_hw_device [lindex [get_hw_devices xc7a100t_0] 0]
INFO: [Labtools 27-1434] Device xc7a100t (JTAG device index = 0) is programmed with a design that has no supported debug core(s) in it.
reset_run synth_1
launch_runs impl_1 -to_step write_bitstream -jobs 6
[Wed Feb 22 23:28:18 2023] Launched synth_1...
Run output will be captured here: C:/Users/DELL/Desktop/final_lab12/lab09_ver2.runs/synth_1/runme.log
[Wed Feb 22 23:28:18 2023] Launched impl_1...
Run output will be captured here: C:/Users/DELL/Desktop/final_lab12/lab09_ver2.runs/impl_1/runme.log
set_property PROBES.FILE {} [get_hw_devices xc7a100t_0]
set_property FULL_PROBES.FILE {} [get_hw_devices xc7a100t_0]
set_property PROGRAM.FILE {C:/Users/DELL/Desktop/final_lab12/lab09_ver2.runs/impl_1/lab09.bit} [get_hw_devices xc7a100t_0]
program_hw_devices [get_hw_devices xc7a100t_0]
INFO: [Labtools 27-3164] End of startup status: HIGH
refresh_hw_device [lindex [get_hw_devices xc7a100t_0] 0]
INFO: [Labtools 27-1434] Device xc7a100t (JTAG device index = 0) is programmed with a design that has no supported debug core(s) in it.
reset_run synth_1
launch_runs impl_1 -to_step write_bitstream -jobs 6
[Wed Feb 22 23:38:50 2023] Launched synth_1...
Run output will be captured here: C:/Users/DELL/Desktop/final_lab12/lab09_ver2.runs/synth_1/runme.log
[Wed Feb 22 23:38:50 2023] Launched impl_1...
Run output will be captured here: C:/Users/DELL/Desktop/final_lab12/lab09_ver2.runs/impl_1/runme.log
set_property PROBES.FILE {} [get_hw_devices xc7a100t_0]
set_property FULL_PROBES.FILE {} [get_hw_devices xc7a100t_0]
set_property PROGRAM.FILE {C:/Users/DELL/Desktop/final_lab12/lab09_ver2.runs/impl_1/lab09.bit} [get_hw_devices xc7a100t_0]
program_hw_devices [get_hw_devices xc7a100t_0]
INFO: [Labtools 27-3164] End of startup status: HIGH
refresh_hw_device [lindex [get_hw_devices xc7a100t_0] 0]
INFO: [Labtools 27-1434] Device xc7a100t (JTAG device index = 0) is programmed with a design that has no supported debug core(s) in it.
reset_run impl_1 -prev_step 
launch_runs impl_1 -to_step write_bitstream -jobs 6
[Wed Feb 22 23:42:59 2023] Launched impl_1...
Run output will be captured here: C:/Users/DELL/Desktop/final_lab12/lab09_ver2.runs/impl_1/runme.log
set_property PROBES.FILE {} [get_hw_devices xc7a100t_0]
set_property FULL_PROBES.FILE {} [get_hw_devices xc7a100t_0]
set_property PROGRAM.FILE {C:/Users/DELL/Desktop/final_lab12/lab09_ver2.runs/impl_1/lab09.bit} [get_hw_devices xc7a100t_0]
program_hw_devices [get_hw_devices xc7a100t_0]
INFO: [Labtools 27-3164] End of startup status: HIGH
refresh_hw_device [lindex [get_hw_devices xc7a100t_0] 0]
INFO: [Labtools 27-1434] Device xc7a100t (JTAG device index = 0) is programmed with a design that has no supported debug core(s) in it.
reset_run synth_1
launch_runs impl_1 -to_step write_bitstream -jobs 6
[Wed Feb 22 23:49:33 2023] Launched synth_1...
Run output will be captured here: C:/Users/DELL/Desktop/final_lab12/lab09_ver2.runs/synth_1/runme.log
[Wed Feb 22 23:49:33 2023] Launched impl_1...
Run output will be captured here: C:/Users/DELL/Desktop/final_lab12/lab09_ver2.runs/impl_1/runme.log
open_run impl_1
INFO: [Device 21-403] Loading part xc7a100tcsg324-1
Netlist sorting complete. Time (s): cpu = 00:00:00 ; elapsed = 00:00:00.019 . Memory (MB): peak = 3015.273 ; gain = 0.000
INFO: [Netlist 29-17] Analyzing 354 Unisim elements for replacement
INFO: [Netlist 29-28] Unisim Transformation completed in 0 CPU seconds
INFO: [Project 1-479] Netlist was created with Vivado 2020.2
INFO: [Project 1-570] Preparing netlist for logic optimization
INFO: [Timing 38-478] Restoring timing data from binary archive.
INFO: [Timing 38-479] Binary timing data restore complete.
INFO: [Project 1-856] Restoring constraints from binary archive.
INFO: [Project 1-853] Binary constraint restore complete.
Reading XDEF placement.
Reading placer database...
Reading XDEF routing.
Read XDEF File: Time (s): cpu = 00:00:01 ; elapsed = 00:00:00.228 . Memory (MB): peak = 3637.195 ; gain = 0.000
Restored from archive | CPU: 1.000000 secs | Memory: 0.000000 MB |
Finished XDEF File Restore: Time (s): cpu = 00:00:01 ; elapsed = 00:00:00.230 . Memory (MB): peak = 3637.195 ; gain = 0.000
Netlist sorting complete. Time (s): cpu = 00:00:00 ; elapsed = 00:00:00 . Memory (MB): peak = 3637.195 ; gain = 0.000
INFO: [Project 1-111] Unisim Transformation Summary:
  A total of 2 instances were transformed.
  RAM32M => RAM32M (RAMD32(x6), RAMS32(x2)): 2 instances

open_run: Time (s): cpu = 00:00:32 ; elapsed = 00:00:32 . Memory (MB): peak = 3768.562 ; gain = 1053.371
WARNING: [Timing 38-313] There are no user specified timing constraints. Timing constraints are needed for proper timing analysis.
close_design
set_property PROBES.FILE {} [get_hw_devices xc7a100t_0]
set_property FULL_PROBES.FILE {} [get_hw_devices xc7a100t_0]
set_property PROGRAM.FILE {C:/Users/DELL/Desktop/final_lab12/lab09_ver2.runs/impl_1/lab09.bit} [get_hw_devices xc7a100t_0]
program_hw_devices [get_hw_devices xc7a100t_0]
INFO: [Labtools 27-3164] End of startup status: HIGH
refresh_hw_device [lindex [get_hw_devices xc7a100t_0] 0]
INFO: [Labtools 27-1434] Device xc7a100t (JTAG device index = 0) is programmed with a design that has no supported debug core(s) in it.
reset_run synth_1
launch_runs impl_1 -to_step write_bitstream -jobs 6
[Wed Feb 22 23:54:35 2023] Launched synth_1...
Run output will be captured here: C:/Users/DELL/Desktop/final_lab12/lab09_ver2.runs/synth_1/runme.log
[Wed Feb 22 23:54:35 2023] Launched impl_1...
Run output will be captured here: C:/Users/DELL/Desktop/final_lab12/lab09_ver2.runs/impl_1/runme.log
set_property PROBES.FILE {} [get_hw_devices xc7a100t_0]
set_property FULL_PROBES.FILE {} [get_hw_devices xc7a100t_0]
set_property PROGRAM.FILE {C:/Users/DELL/Desktop/final_lab12/lab09_ver2.runs/impl_1/lab09.bit} [get_hw_devices xc7a100t_0]
program_hw_devices [get_hw_devices xc7a100t_0]
INFO: [Labtools 27-3164] End of startup status: HIGH
refresh_hw_device [lindex [get_hw_devices xc7a100t_0] 0]
INFO: [Labtools 27-1434] Device xc7a100t (JTAG device index = 0) is programmed with a design that has no supported debug core(s) in it.
set_property PROBES.FILE {} [get_hw_devices xc7a100t_0]
set_property FULL_PROBES.FILE {} [get_hw_devices xc7a100t_0]
set_property PROGRAM.FILE {C:/Users/DELL/Desktop/final_lab12/lab09_ver2.runs/impl_1/lab09.bit} [get_hw_devices xc7a100t_0]
program_hw_devices [get_hw_devices xc7a100t_0]
INFO: [Labtools 27-3164] End of startup status: HIGH
refresh_hw_device [lindex [get_hw_devices xc7a100t_0] 0]
INFO: [Labtools 27-1434] Device xc7a100t (JTAG device index = 0) is programmed with a design that has no supported debug core(s) in it.
reset_run impl_1 -prev_step 
launch_runs impl_1 -to_step write_bitstream -jobs 6
[Wed Feb 22 23:58:54 2023] Launched impl_1...
Run output will be captured here: C:/Users/DELL/Desktop/final_lab12/lab09_ver2.runs/impl_1/runme.log
reset_run impl_1 -prev_step 
reset_run synth_1
launch_runs impl_1 -to_step write_bitstream -jobs 6
[Wed Feb 22 23:59:30 2023] Launched synth_1...
Run output will be captured here: C:/Users/DELL/Desktop/final_lab12/lab09_ver2.runs/synth_1/runme.log
[Wed Feb 22 23:59:30 2023] Launched impl_1...
Run output will be captured here: C:/Users/DELL/Desktop/final_lab12/lab09_ver2.runs/impl_1/runme.log
set_property PROBES.FILE {} [get_hw_devices xc7a100t_0]
set_property FULL_PROBES.FILE {} [get_hw_devices xc7a100t_0]
set_property PROGRAM.FILE {C:/Users/DELL/Desktop/final_lab12/lab09_ver2.runs/impl_1/lab09.bit} [get_hw_devices xc7a100t_0]
program_hw_devices [get_hw_devices xc7a100t_0]
INFO: [Labtools 27-3164] End of startup status: HIGH
refresh_hw_device [lindex [get_hw_devices xc7a100t_0] 0]
INFO: [Labtools 27-1434] Device xc7a100t (JTAG device index = 0) is programmed with a design that has no supported debug core(s) in it.
reset_run synth_1
launch_runs impl_1 -to_step write_bitstream -jobs 6
[Thu Feb 23 00:05:53 2023] Launched synth_1...
Run output will be captured here: C:/Users/DELL/Desktop/final_lab12/lab09_ver2.runs/synth_1/runme.log
[Thu Feb 23 00:05:53 2023] Launched impl_1...
Run output will be captured here: C:/Users/DELL/Desktop/final_lab12/lab09_ver2.runs/impl_1/runme.log
set_property PROBES.FILE {} [get_hw_devices xc7a100t_0]
set_property FULL_PROBES.FILE {} [get_hw_devices xc7a100t_0]
set_property PROGRAM.FILE {C:/Users/DELL/Desktop/final_lab12/lab09_ver2.runs/impl_1/lab09.bit} [get_hw_devices xc7a100t_0]
program_hw_devices [get_hw_devices xc7a100t_0]
INFO: [Labtools 27-3164] End of startup status: HIGH
refresh_hw_device [lindex [get_hw_devices xc7a100t_0] 0]
INFO: [Labtools 27-1434] Device xc7a100t (JTAG device index = 0) is programmed with a design that has no supported debug core(s) in it.
reset_run synth_1
launch_runs impl_1 -to_step write_bitstream -jobs 6
[Thu Feb 23 00:11:01 2023] Launched synth_1...
Run output will be captured here: C:/Users/DELL/Desktop/final_lab12/lab09_ver2.runs/synth_1/runme.log
[Thu Feb 23 00:11:01 2023] Launched impl_1...
Run output will be captured here: C:/Users/DELL/Desktop/final_lab12/lab09_ver2.runs/impl_1/runme.log
set_property PROBES.FILE {} [get_hw_devices xc7a100t_0]
set_property FULL_PROBES.FILE {} [get_hw_devices xc7a100t_0]
set_property PROGRAM.FILE {C:/Users/DELL/Desktop/final_lab12/lab09_ver2.runs/impl_1/lab09.bit} [get_hw_devices xc7a100t_0]
program_hw_devices [get_hw_devices xc7a100t_0]
INFO: [Labtools 27-3164] End of startup status: HIGH
refresh_hw_device [lindex [get_hw_devices xc7a100t_0] 0]
INFO: [Labtools 27-1434] Device xc7a100t (JTAG device index = 0) is programmed with a design that has no supported debug core(s) in it.
set_property PROBES.FILE {} [get_hw_devices xc7a100t_0]
set_property FULL_PROBES.FILE {} [get_hw_devices xc7a100t_0]
set_property PROGRAM.FILE {C:/Users/DELL/Desktop/final_lab12/lab09_ver2.runs/impl_1/lab09.bit} [get_hw_devices xc7a100t_0]
program_hw_devices [get_hw_devices xc7a100t_0]
INFO: [Labtools 27-3164] End of startup status: HIGH
refresh_hw_device [lindex [get_hw_devices xc7a100t_0] 0]
INFO: [Labtools 27-1434] Device xc7a100t (JTAG device index = 0) is programmed with a design that has no supported debug core(s) in it.
reset_run synth_1
launch_runs impl_1 -to_step write_bitstream -jobs 6
[Thu Feb 23 00:19:35 2023] Launched synth_1...
Run output will be captured here: C:/Users/DELL/Desktop/final_lab12/lab09_ver2.runs/synth_1/runme.log
[Thu Feb 23 00:19:35 2023] Launched impl_1...
Run output will be captured here: C:/Users/DELL/Desktop/final_lab12/lab09_ver2.runs/impl_1/runme.log
set_property PROBES.FILE {} [get_hw_devices xc7a100t_0]
set_property FULL_PROBES.FILE {} [get_hw_devices xc7a100t_0]
set_property PROGRAM.FILE {C:/Users/DELL/Desktop/final_lab12/lab09_ver2.runs/impl_1/lab09.bit} [get_hw_devices xc7a100t_0]
program_hw_devices [get_hw_devices xc7a100t_0]
INFO: [Labtools 27-3164] End of startup status: HIGH
refresh_hw_device [lindex [get_hw_devices xc7a100t_0] 0]
INFO: [Labtools 27-1434] Device xc7a100t (JTAG device index = 0) is programmed with a design that has no supported debug core(s) in it.
reset_run impl_1 -prev_step 
launch_runs impl_1 -to_step write_bitstream -jobs 6
[Thu Feb 23 00:23:14 2023] Launched impl_1...
Run output will be captured here: C:/Users/DELL/Desktop/final_lab12/lab09_ver2.runs/impl_1/runme.log
ERROR: [Labtoolstcl 44-513] HW Target shutdown. Closing target: localhost:3121/xilinx_tcf/Digilent/210292B61CCAA
reset_run synth_1
launch_runs impl_1 -to_step write_bitstream -jobs 6
[Thu Feb 23 00:39:27 2023] Launched synth_1...
Run output will be captured here: C:/Users/DELL/Desktop/final_lab12/lab09_ver2.runs/synth_1/runme.log
[Thu Feb 23 00:39:27 2023] Launched impl_1...
Run output will be captured here: C:/Users/DELL/Desktop/final_lab12/lab09_ver2.runs/impl_1/runme.log
disconnect_hw_server localhost:3121
connect_hw_server -allow_non_jtag
INFO: [Labtools 27-2285] Connecting to hw_server url TCP:localhost:3121
INFO: [Labtools 27-3415] Connecting to cs_server url TCP:localhost:3042
INFO: [Labtools 27-3414] Connected to existing cs_server.
open_hw_target
INFO: [Labtoolstcl 44-466] Opening hw_target localhost:3121/xilinx_tcf/Digilent/210292B62251A
set_property PROGRAM.FILE {C:/Users/DELL/Desktop/final_lab12/lab09_ver2.runs/impl_1/lab09.bit} [get_hw_devices xc7a100t_0]
current_hw_device [get_hw_devices xc7a100t_0]
refresh_hw_device -update_hw_probes false [lindex [get_hw_devices xc7a100t_0] 0]
INFO: [Labtools 27-1435] Device xc7a100t (JTAG device index = 0) is not programmed (DONE status = 0).
set_property PROBES.FILE {} [get_hw_devices xc7a100t_0]
set_property FULL_PROBES.FILE {} [get_hw_devices xc7a100t_0]
set_property PROGRAM.FILE {C:/Users/DELL/Desktop/final_lab12/lab09_ver2.runs/impl_1/lab09.bit} [get_hw_devices xc7a100t_0]
program_hw_devices [get_hw_devices xc7a100t_0]
INFO: [Labtools 27-3164] End of startup status: HIGH
refresh_hw_device [lindex [get_hw_devices xc7a100t_0] 0]
INFO: [Labtools 27-1434] Device xc7a100t (JTAG device index = 0) is programmed with a design that has no supported debug core(s) in it.
ERROR: [Labtoolstcl 44-513] HW Target shutdown. Closing target: localhost:3121/xilinx_tcf/Digilent/210292B62251A
reset_run synth_1
launch_runs impl_1 -to_step write_bitstream -jobs 6
[Thu Feb 23 01:03:43 2023] Launched synth_1...
Run output will be captured here: C:/Users/DELL/Desktop/final_lab12/lab09_ver2.runs/synth_1/runme.log
[Thu Feb 23 01:03:43 2023] Launched impl_1...
Run output will be captured here: C:/Users/DELL/Desktop/final_lab12/lab09_ver2.runs/impl_1/runme.log
INFO: [Labtoolstcl 44-466] Opening hw_target localhost:3121/xilinx_tcf/Digilent/210292B62251A
INFO: [Labtools 27-1435] Device xc7a100t (JTAG device index = 0) is not programmed (DONE status = 0).
WARNING: [Labtoolstcl 44-129] No matching hw_ila_data was found.
set_property PROBES.FILE {} [get_hw_devices xc7a100t_0]
set_property FULL_PROBES.FILE {} [get_hw_devices xc7a100t_0]
set_property PROGRAM.FILE {C:/Users/DELL/Desktop/final_lab12/lab09_ver2.runs/impl_1/lab09.bit} [get_hw_devices xc7a100t_0]
program_hw_devices [get_hw_devices xc7a100t_0]
INFO: [Labtools 27-3164] End of startup status: HIGH
refresh_hw_device [lindex [get_hw_devices xc7a100t_0] 0]
INFO: [Labtools 27-1434] Device xc7a100t (JTAG device index = 0) is programmed with a design that has no supported debug core(s) in it.
reset_run synth_1
launch_runs impl_1 -to_step write_bitstream -jobs 6
[Thu Feb 23 01:18:04 2023] Launched synth_1...
Run output will be captured here: C:/Users/DELL/Desktop/final_lab12/lab09_ver2.runs/synth_1/runme.log
[Thu Feb 23 01:18:04 2023] Launched impl_1...
Run output will be captured here: C:/Users/DELL/Desktop/final_lab12/lab09_ver2.runs/impl_1/runme.log
set_property PROBES.FILE {} [get_hw_devices xc7a100t_0]
set_property FULL_PROBES.FILE {} [get_hw_devices xc7a100t_0]
set_property PROGRAM.FILE {C:/Users/DELL/Desktop/final_lab12/lab09_ver2.runs/impl_1/lab09.bit} [get_hw_devices xc7a100t_0]
program_hw_devices [get_hw_devices xc7a100t_0]
INFO: [Labtools 27-3164] End of startup status: HIGH
refresh_hw_device [lindex [get_hw_devices xc7a100t_0] 0]
INFO: [Labtools 27-1434] Device xc7a100t (JTAG device index = 0) is programmed with a design that has no supported debug core(s) in it.
reset_run synth_1
launch_runs impl_1 -to_step write_bitstream -jobs 6
[Thu Feb 23 01:28:39 2023] Launched synth_1...
Run output will be captured here: C:/Users/DELL/Desktop/final_lab12/lab09_ver2.runs/synth_1/runme.log
[Thu Feb 23 01:28:39 2023] Launched impl_1...
Run output will be captured here: C:/Users/DELL/Desktop/final_lab12/lab09_ver2.runs/impl_1/runme.log
reset_run synth_1
launch_runs impl_1 -to_step write_bitstream -jobs 6
[Thu Feb 23 01:30:57 2023] Launched synth_1...
Run output will be captured here: C:/Users/DELL/Desktop/final_lab12/lab09_ver2.runs/synth_1/runme.log
[Thu Feb 23 01:30:57 2023] Launched impl_1...
Run output will be captured here: C:/Users/DELL/Desktop/final_lab12/lab09_ver2.runs/impl_1/runme.log
set_property PROBES.FILE {} [get_hw_devices xc7a100t_0]
set_property FULL_PROBES.FILE {} [get_hw_devices xc7a100t_0]
set_property PROGRAM.FILE {C:/Users/DELL/Desktop/final_lab12/lab09_ver2.runs/impl_1/lab09.bit} [get_hw_devices xc7a100t_0]
program_hw_devices [get_hw_devices xc7a100t_0]
INFO: [Labtools 27-3164] End of startup status: HIGH
refresh_hw_device [lindex [get_hw_devices xc7a100t_0] 0]
INFO: [Labtools 27-1434] Device xc7a100t (JTAG device index = 0) is programmed with a design that has no supported debug core(s) in it.
reset_run synth_1
launch_runs impl_1 -to_step write_bitstream -jobs 6
[Thu Feb 23 01:38:21 2023] Launched synth_1...
Run output will be captured here: C:/Users/DELL/Desktop/final_lab12/lab09_ver2.runs/synth_1/runme.log
[Thu Feb 23 01:38:21 2023] Launched impl_1...
Run output will be captured here: C:/Users/DELL/Desktop/final_lab12/lab09_ver2.runs/impl_1/runme.log
set_property PROBES.FILE {} [get_hw_devices xc7a100t_0]
set_property FULL_PROBES.FILE {} [get_hw_devices xc7a100t_0]
set_property PROGRAM.FILE {C:/Users/DELL/Desktop/final_lab12/lab09_ver2.runs/impl_1/lab09.bit} [get_hw_devices xc7a100t_0]
program_hw_devices [get_hw_devices xc7a100t_0]
INFO: [Labtools 27-3164] End of startup status: HIGH
refresh_hw_device [lindex [get_hw_devices xc7a100t_0] 0]
INFO: [Labtools 27-1434] Device xc7a100t (JTAG device index = 0) is programmed with a design that has no supported debug core(s) in it.
reset_run synth_1
launch_runs impl_1 -to_step write_bitstream -jobs 6
[Thu Feb 23 01:43:33 2023] Launched synth_1...
Run output will be captured here: C:/Users/DELL/Desktop/final_lab12/lab09_ver2.runs/synth_1/runme.log
[Thu Feb 23 01:43:33 2023] Launched impl_1...
Run output will be captured here: C:/Users/DELL/Desktop/final_lab12/lab09_ver2.runs/impl_1/runme.log
set_property PROBES.FILE {} [get_hw_devices xc7a100t_0]
set_property FULL_PROBES.FILE {} [get_hw_devices xc7a100t_0]
set_property PROGRAM.FILE {C:/Users/DELL/Desktop/final_lab12/lab09_ver2.runs/impl_1/lab09.bit} [get_hw_devices xc7a100t_0]
program_hw_devices [get_hw_devices xc7a100t_0]
INFO: [Labtools 27-3164] End of startup status: HIGH
refresh_hw_device [lindex [get_hw_devices xc7a100t_0] 0]
INFO: [Labtools 27-1434] Device xc7a100t (JTAG device index = 0) is programmed with a design that has no supported debug core(s) in it.
reset_run synth_1
launch_runs impl_1 -to_step write_bitstream -jobs 6
[Thu Feb 23 01:49:57 2023] Launched synth_1...
Run output will be captured here: C:/Users/DELL/Desktop/final_lab12/lab09_ver2.runs/synth_1/runme.log
[Thu Feb 23 01:49:57 2023] Launched impl_1...
Run output will be captured here: C:/Users/DELL/Desktop/final_lab12/lab09_ver2.runs/impl_1/runme.log
set_property PROBES.FILE {} [get_hw_devices xc7a100t_0]
set_property FULL_PROBES.FILE {} [get_hw_devices xc7a100t_0]
set_property PROGRAM.FILE {C:/Users/DELL/Desktop/final_lab12/lab09_ver2.runs/impl_1/lab09.bit} [get_hw_devices xc7a100t_0]
program_hw_devices [get_hw_devices xc7a100t_0]
INFO: [Labtools 27-3164] End of startup status: HIGH
refresh_hw_device [lindex [get_hw_devices xc7a100t_0] 0]
INFO: [Labtools 27-1434] Device xc7a100t (JTAG device index = 0) is programmed with a design that has no supported debug core(s) in it.
reset_run synth_1
launch_runs impl_1 -to_step write_bitstream -jobs 6
[Thu Feb 23 01:58:29 2023] Launched synth_1...
Run output will be captured here: C:/Users/DELL/Desktop/final_lab12/lab09_ver2.runs/synth_1/runme.log
[Thu Feb 23 01:58:29 2023] Launched impl_1...
Run output will be captured here: C:/Users/DELL/Desktop/final_lab12/lab09_ver2.runs/impl_1/runme.log
set_property PROBES.FILE {} [get_hw_devices xc7a100t_0]
set_property FULL_PROBES.FILE {} [get_hw_devices xc7a100t_0]
set_property PROGRAM.FILE {C:/Users/DELL/Desktop/final_lab12/lab09_ver2.runs/impl_1/lab09.bit} [get_hw_devices xc7a100t_0]
program_hw_devices [get_hw_devices xc7a100t_0]
INFO: [Labtools 27-3164] End of startup status: HIGH
refresh_hw_device [lindex [get_hw_devices xc7a100t_0] 0]
INFO: [Labtools 27-1434] Device xc7a100t (JTAG device index = 0) is programmed with a design that has no supported debug core(s) in it.
reset_run synth_1
launch_runs impl_1 -to_step write_bitstream -jobs 6
[Thu Feb 23 02:04:13 2023] Launched synth_1...
Run output will be captured here: C:/Users/DELL/Desktop/final_lab12/lab09_ver2.runs/synth_1/runme.log
[Thu Feb 23 02:04:13 2023] Launched impl_1...
Run output will be captured here: C:/Users/DELL/Desktop/final_lab12/lab09_ver2.runs/impl_1/runme.log
set_property PROBES.FILE {} [get_hw_devices xc7a100t_0]
set_property FULL_PROBES.FILE {} [get_hw_devices xc7a100t_0]
set_property PROGRAM.FILE {C:/Users/DELL/Desktop/final_lab12/lab09_ver2.runs/impl_1/lab09.bit} [get_hw_devices xc7a100t_0]
program_hw_devices [get_hw_devices xc7a100t_0]
INFO: [Labtools 27-3164] End of startup status: HIGH
refresh_hw_device [lindex [get_hw_devices xc7a100t_0] 0]
INFO: [Labtools 27-1434] Device xc7a100t (JTAG device index = 0) is programmed with a design that has no supported debug core(s) in it.
reset_run synth_1
launch_runs impl_1 -to_step write_bitstream -jobs 6 -scripts_only
reset_run synth_1
launch_runs impl_1 -to_step write_bitstream -jobs 6 -scripts_only
reset_run synth_1
launch_runs impl_1 -to_step write_bitstream -jobs 6 -scripts_only
reset_run synth_1
launch_runs impl_1 -to_step write_bitstream -jobs 6 -scripts_only
reset_run synth_1
launch_runs impl_1 -to_step write_bitstream -jobs 6 -scripts_only
close_hw_manager
exit
INFO: [Common 17-206] Exiting Vivado at Thu Feb 23 02:17:06 2023...
